<?xml version="1.0" encoding="UTF-8"?>
<!-- Generated by org.testng.reporters.JUnitReportReporter -->
<testsuite hostname="LAPTOP-JR6HG3LD" failures="0" tests="7" name="cucumberOptions.TestNgTestRunner" time="0.090" errors="0" timestamp="2023-01-23T21:22:53 IST" skipped="0">
  <testcase classname="cucumberOptions.TestNgTestRunner" name="runScenario" time="0.005"/>
  <system-out/>
  <testcase classname="cucumberOptions.TestNgTestRunner" name="runScenario" time="0.003"/>
  <system-out/>
  <testcase classname="cucumberOptions.TestNgTestRunner" name="runScenario" time="0.002"/>
  <system-out/>
  <testcase classname="cucumberOptions.TestNgTestRunner" name="runScenario" time="0.002"/>
  <system-out/>
  <testcase classname="cucumberOptions.TestNgTestRunner" name="runScenario" time="0.006"/>
  <system-out/>
  <testcase classname="cucumberOptions.TestNgTestRunner" name="runScenario" time="0.002"/>
  <system-out/>
  <testcase classname="cucumberOptions.TestNgTestRunner" name="runScenario" time="0.070"/>
  <system-out/>
</testsuite> <!-- cucumberOptions.TestNgTestRunner -->
